23:13:51 INFO  - Start test testLogin
23:13:51 INFO  - Start find -->By.xpath: //*[@resource-id = 'org.wikipedia:id/fragment_onboarding_skip_button']
23:13:51 INFO  - By.xpath: //*[@resource-id = 'org.wikipedia:id/fragment_onboarding_skip_button']<-- Found
23:13:51 INFO  - Start find -->By.xpath: //*[@resource-id='org.wikipedia:id/menu_icon']
23:13:53 INFO  - By.xpath: //*[@resource-id='org.wikipedia:id/menu_icon']<-- Found
23:13:53 INFO  - Start find -->By.xpath: //*[@resource-id='org.wikipedia:id/main_drawer_login_button']
23:13:54 INFO  - By.xpath: //*[@resource-id='org.wikipedia:id/main_drawer_login_button']<-- Found
23:13:54 INFO  - Start find -->By.xpath: //*[@resource-id='org.wikipedia:id/create_account_login_button']
23:13:55 INFO  - By.xpath: //*[@resource-id='org.wikipedia:id/create_account_login_button']<-- Found
23:13:56 INFO  - Start find -->By.xpath: //*[resource-id = 'org.wikipedia:id/login_username_text']/android.widget.FrameLayout/android.widget.EditText
23:14:06 INFO  - By.xpath: //*[resource-id = 'org.wikipedia:id/login_username_text']/android.widget.FrameLayout/android.widget.EditText<-- Found
23:14:06 ERROR - org.openqa.selenium.NoSuchElementException: An element could not be located on the page using the given search parameters.
For documentation on this error, please visit: https://www.seleniumhq.org/exceptions/no_such_element.html
Build info: version: '3.141.59', revision: 'e82be7d358', time: '2018-11-14T08:17:03'
System info: host: 'DESKTOP-I31H4EG', ip: '10.0.0.3', os.name: 'Windows 10', os.arch: 'amd64', os.version: '10.0', java.version: '1.8.0_271'
Driver info: io.appium.java_client.android.AndroidDriver
Capabilities {app: C:/Users/GLEB/Testing/apk/o..., appActivity: .main.MainActivity, appPackage: org.wikipedia, automationName: Appium, databaseEnabled: false, desired: {app: C:/Users/GLEB/Testing/apk/o..., appActivity: .main.MainActivity, appPackage: org.wikipedia, automationName: Appium, deviceName: GK, platformName: android, platformVersion: 8.0}, deviceApiLevel: 26, deviceManufacturer: Google, deviceModel: Android SDK built for x86, deviceName: emulator-5554, deviceScreenDensity: 480, deviceScreenSize: 1080x1920, deviceUDID: emulator-5554, javascriptEnabled: true, locationContextEnabled: false, networkConnectionEnabled: true, pixelRatio: 3, platform: LINUX, platformName: Android, platformVersion: 8.0.0, statBarHeight: 72, takesScreenshot: true, viewportRect: {height: 1704, left: 0, top: 72, width: 1080}, warnings: {}, webStorageEnabled: false}
Session ID: 690a10ac-46a3-4dcd-89d7-f820b5646871
*** Element info: {Using=xpath, value=//*[resource-id = 'org.wikipedia:id/login_username_text']/android.widget.FrameLayout/android.widget.EditText}
23:14:06 INFO  - Stop test testLogin
************************************************
